%===----- BlkTypeMap -----===%
0x7f6d40000000 Inter
0x7f6d40800000 Inter
0x7f6d41000000 Inter
0x7f6d41800000 Inter
0x7f6d42000000 Inter
0x7f6d42800000 Inter
0x7f6d43000000 Inter
0x7f6d43800000 Inter
0x7f6d44000000 Inter
0x7f6d44800000 Inter
0x7f6d45000000 Inter
0x7f6d45800000 Inter
0x7f6d46000000 Inter
0x7f6d46e00000 Inter
0x7f6d48000000 Inter
0x7f6d48e00000 Inter
0x7f6d4a000000 Inter
0x7f6d4c000000 Inter
0x7f6d4e000000 Inter
0x7f6d50000000 Inter
0x7f6d52000000 Inter
0x7f6d54000000 Inter
0x7f6d56000000 Inter
0x7f6d58000000 Inter
0x7f6d5a000000 Inter
0x7f6d5c000000 Inter
0x7f6d5e000000 Inter
0x7f6d60000000 Inter
0x7f6d62000000 End
0x7f6d6aa00000 Inter
0x7f6d6b800000 Inter
0x7f6d6c000000 Inter
0x7f6d6f200000 Inter
0x7f6d70000000 Inter
0x7f6d73200000 Inter
0x7f6d74000000 Inter
0x7f6d77200000 Inter
0x7f6d78000000 Inter
0x7f6d7b200000 Inter
0x7f6d7c000000 Inter
0x7f6d7f200000 Inter
0x7f6d80000000 Inter
0x7f6d83200000 Inter
0x7f6d84000000 Inter
0x7f6d87200000 Inter
0x7f6d88000000 Inter
0x7f6d8b200000 Inter
0x7f6d8c000000 Inter
0x7f6d98400000 Inter
0x7f6d9a000000 Inter
0x7f6da6400000 Inter
0x7f6da8000000 Inter
0x7f6db4400000 Inter
0x7f6db6000000 Input
0x7f6db6009400 Input
0x7f6db6009600 Input
0x7f6db6009800 Param
0x7f6db6009a00 Param
0x7f6db6009c00 Input
0x7f6db602dc00 Input
0x7f6db602de00 Input
0x7f6db602e000 Param
0x7f6db602e200 Param
0x7f6db602e400 Input
0x7f6db6052400 Input
0x7f6db6052600 Input
0x7f6db6052800 Param
0x7f6db6052a00 Param
0x7f6db6052c00 Input
0x7f6db6076c00 Input
0x7f6db6076e00 Input
0x7f6db6077000 Param
0x7f6db6077200 Param
0x7f6db6077400 Input
0x7f6db609b400 Input
0x7f6db609b600 Input
0x7f6db609b800 Param
0x7f6db609ba00 Param
0x7f6db609bc00 Input
0x7f6db60a3c00 Input
0x7f6db60a3e00 Input
0x7f6db60a4000 Param
0x7f6db60a4200 Param
0x7f6db60a4400 Input
0x7f6db60ec400 Input
0x7f6db60ec600 Input
0x7f6db60ec800 Param
0x7f6db60eca00 Param
0x7f6db60ecc00 Input
0x7f6db617cc00 Input
0x7f6db617ce00 Input
0x7f6db617d000 Param
0x7f6db617d200 Param
0x7f6db617d400 Input
0x7f6db620d400 Input
0x7f6db620d600 Input
0x7f6db620d800 Param
0x7f6db620da00 Param
0x7f6db620dc00 Input
0x7f6db629dc00 Input
0x7f6db629de00 Input
0x7f6db629e000 Param
0x7f6db629e200 Param
0x7f6db629e400 Input
0x7f6db62be400 Input
0x7f6db62be800 Input
0x7f6db62bec00 Param
0x7f6db62bf000 Param
0x7f6db62bf400 Input
0x7f6db63df400 Input
0x7f6db63df800 Input
0x7f6db63dfc00 Param
0x7f6db63e0000 Param
0x7f6db63e0400 Input
0x7f6db6620400 Input
0x7f6db6620800 Input
0x7f6db6620c00 Param
0x7f6db6621000 Param
0x7f6db6621400 Input
0x7f6db6861400 Input
0x7f6db6861800 Input
0x7f6db6861c00 Param
0x7f6db6862000 Param
0x7f6db6862400 Input
0x7f6db6aa2400 Input
0x7f6db6aa2800 Input
0x7f6db6aa2c00 Param
0x7f6db6aa3000 Param
0x7f6db6aa3400 Input
0x7f6db6b23400 Input
0x7f6db6b23c00 Input
0x7f6db6b24400 Param
0x7f6db6b24c00 Param
0x7f6db6b25400 Input
0x7f6db6fa5400 Input
0x7f6db6fa5c00 Input
0x7f6db6fa6400 Param
0x7f6db6fa6c00 Param
0x7f6db6fa7400 Input
0x7f6db78a7400 Input
0x7f6db78a7c00 Input
0x7f6db78a8400 Param
0x7f6db78a8c00 Param
0x7f6db78a9400 Input
0x7f6db81a9400 Input
0x7f6db81a9c00 Input
0x7f6db81aa400 Param
0x7f6db81aac00 Param
0x7f6db81ab400 Input
0x7f6db8aab400 Input
0x7f6db8aabc00 Input
0x7f6db8aac400 Param
0x7f6db8aacc00 Param
0x7f6db8aad400 Input
0x7f6db8adf400 Input
0x7f6db8adf600 Input
0x7f6dbaf9f800 End
0x7f6dbafb2000 End
0x7f6dbafb2200 End
0x7f6dbafb2400 End
0x7f6dbafb2600 Inter
0x7f6dbe0b2600 End
0x7f6dbe116800 End
0x7f6dbe116a00 Inter
0x7f6dc1216a00 End
0x7f6dc1216c00 End
0x7f6dc1216e00 Inter
0x7f6dc4316e00 End
0x7f6dc437b000 End
0x7f6dc437b200 End
0x7f6dc437b400 End
0x7f6dc437b600 End
0x7f6dc43df800 End
0x7f6dc43dfa00 End
0x7f6dc43dfc00 End
0x7f6dc43dfe00 End
0x7f6dc4444000 End
0x7f6dc4444200 End
0x7f6dc4444400 End
0x7f6dc4444600 End
0x7f6dc4444800 Inter
0x7f6dc5cc4800 End
0x7f6dc5cc4a00 End
0x7f6dc5cc4c00 End
0x7f6dc5e55000 End
0x7f6dc5e55200 End
0x7f6dc5e55400 End
0x7f6dc5e55600 End
0x7f6dc5e56a00 End
0x7f6dc5e56c00 End
0x7f6dc5e56e00 End
0x7f6dc5e57000 End
0x7f6dc5fe7400 End
0x7f6dc5fe7600 End
0x7f6dc5fe7800 End
0x7f6dc5fe7a00 End
0x7f6dc5fe7c00 End
0x7f6dc5fe7e00 End
0x7f6dc5fe8000 End
0x7f6dc5fe8c00 End
0x7f6dc5fe9000 End
0x7f6dc5fe9400 End
0x7f6dc5fe9800 End
0x7f6dc5fea600 End
0x7f6dc5feaa00 End
0x7f6dc5feae00 End
0x7f6dc5feb200 End
0x7f6dc5febc00 End
0x7f6dc5fec000 End
0x7f6dc5fec400 End
0x7f6dc5fec800 End
0x7f6dc5fed600 End
0x7f6dc5feda00 End
0x7f6dc5fede00 End
0x7f6dc5fee200 End
0x7f6dc5fef000 End
0x7f6dc5fef400 End
0x7f6dc5fef800 End
0x7f6dc5fefc00 End
0x7f6dc5ff0800 End
0x7f6dc5ff1000 End
0x7f6dc5ff1800 End
0x7f6dc5ff2000 End
0x7f6dc5ff2c00 End
0x7f6dc5ff3400 End
0x7f6dc5ff3c00 End
0x7f6dc5ff4400 End
0x7f6dc5ff4e00 End
0x7f6dc5ff5600 End
0x7f6dc5ff5e00 End
0x7f6dc5ff6600 End
0x7f6dc5ff7200 End
0x7f6dc5ff7a00 End
0x7f6dc5ff8200 End
0x7f6dc5ff8a00 End
0x7f6dc5ff9600 End
0x7f6dc5ff9e00 End
0x7f6dc5ffa600 End
0x7f6dc5ffae00 Inter
0x7f6dee000000 Inter
0x7f6df1200000 Inter
0x7f6df2000000 Inter
0x7f6df5200000 Inter
0x7f6e05a46c00 End
0x7f6e05bd7000 Inter
0x7f6e05bf7000 Inter
0x7f6e06000000 Inter
0x7f6e09200000 Inter
0x7f6e0c400000 Inter
0x7f6e0ce00000 Inter
0x7f6e0f600000 Inter
0x7f6e23600000 Inter
%===----- BlkTypeMap -----===%
0x7f6d3e000000 Inter
0x7f6d40000000 Inter
0x7f6d40800000 End
0x7f6d41000000 Inter
0x7f6d41800000 Inter
0x7f6d42000000 Inter
0x7f6d42800000 Inter
0x7f6d43000000 Inter
0x7f6d43800000 Inter
0x7f6d44000000 Inter
0x7f6d44800000 Inter
0x7f6d45000000 Inter
0x7f6d45800000 Inter
0x7f6d46000000 Inter
0x7f6d46e00000 Inter
0x7f6d48000000 Inter
0x7f6d48e00000 Inter
0x7f6d4a000000 Inter
0x7f6d4c000000 Inter
0x7f6d4e000000 Inter
0x7f6d50000000 Inter
0x7f6d52000000 Inter
0x7f6d54000000 Inter
0x7f6d56000000 Inter
0x7f6d58000000 Inter
0x7f6d5a000000 Inter
0x7f6d5c000000 Inter
0x7f6d5e000000 Inter
0x7f6d60000000 Inter
0x7f6d62000000 End
0x7f6d6aa00000 Inter
0x7f6d6b800000 Inter
0x7f6d6c000000 Inter
0x7f6d6f200000 Inter
0x7f6d70000000 Inter
0x7f6d73200000 Inter
0x7f6d74000000 Inter
0x7f6d77200000 Inter
0x7f6d78000000 Inter
0x7f6d7b200000 Inter
0x7f6d7c000000 Inter
0x7f6d7f200000 Inter
0x7f6d80000000 Inter
0x7f6d83200000 Inter
0x7f6d84000000 Inter
0x7f6d87200000 Inter
0x7f6d88000000 Inter
0x7f6d8b200000 Inter
0x7f6d8c000000 Inter
0x7f6d98400000 Inter
0x7f6d9a000000 Inter
0x7f6da6400000 Inter
0x7f6da8000000 Inter
0x7f6db4400000 Inter
0x7f6db6000000 Input
0x7f6db6009400 Input
0x7f6db6009600 Input
0x7f6db6009800 Param
0x7f6db6009a00 Param
0x7f6db6009c00 Input
0x7f6db602dc00 Input
0x7f6db602de00 Input
0x7f6db602e000 Param
0x7f6db602e200 Param
0x7f6db602e400 Input
0x7f6db6052400 Input
0x7f6db6052600 Input
0x7f6db6052800 Param
0x7f6db6052a00 Param
0x7f6db6052c00 Input
0x7f6db6076c00 Input
0x7f6db6076e00 Input
0x7f6db6077000 Param
0x7f6db6077200 Param
0x7f6db6077400 Input
0x7f6db609b400 Input
0x7f6db609b600 Input
0x7f6db609b800 Param
0x7f6db609ba00 Param
0x7f6db609bc00 Input
0x7f6db60a3c00 Input
0x7f6db60a3e00 Input
0x7f6db60a4000 Param
0x7f6db60a4200 Param
0x7f6db60a4400 Input
0x7f6db60ec400 Input
0x7f6db60ec600 Input
0x7f6db60ec800 Param
0x7f6db60eca00 Param
0x7f6db60ecc00 Input
0x7f6db617cc00 Input
0x7f6db617ce00 Input
0x7f6db617d000 Param
0x7f6db617d200 Param
0x7f6db617d400 Input
0x7f6db620d400 Input
0x7f6db620d600 Input
0x7f6db620d800 Param
0x7f6db620da00 Param
0x7f6db620dc00 Input
0x7f6db629dc00 Input
0x7f6db629de00 Input
0x7f6db629e000 Param
0x7f6db629e200 Param
0x7f6db629e400 Input
0x7f6db62be400 Input
0x7f6db62be800 Input
0x7f6db62bec00 Param
0x7f6db62bf000 Param
0x7f6db62bf400 Input
0x7f6db63df400 Input
0x7f6db63df800 Input
0x7f6db63dfc00 Param
0x7f6db63e0000 Param
0x7f6db63e0400 Input
0x7f6db6620400 Input
0x7f6db6620800 Input
0x7f6db6620c00 Param
0x7f6db6621000 Param
0x7f6db6621400 Input
0x7f6db6861400 Input
0x7f6db6861800 Input
0x7f6db6861c00 Param
0x7f6db6862000 Param
0x7f6db6862400 Input
0x7f6db6aa2400 Input
0x7f6db6aa2800 Input
0x7f6db6aa2c00 Param
0x7f6db6aa3000 Param
0x7f6db6aa3400 Input
0x7f6db6b23400 Input
0x7f6db6b23c00 Input
0x7f6db6b24400 Param
0x7f6db6b24c00 Param
0x7f6db6b25400 Input
0x7f6db6fa5400 Input
0x7f6db6fa5c00 Input
0x7f6db6fa6400 Param
0x7f6db6fa6c00 Param
0x7f6db6fa7400 Input
0x7f6db78a7400 Input
0x7f6db78a7c00 Input
0x7f6db78a8400 Param
0x7f6db78a8c00 Param
0x7f6db78a9400 Input
0x7f6db81a9400 Input
0x7f6db81a9c00 Input
0x7f6db81aa400 Param
0x7f6db81aac00 Param
0x7f6db81ab400 Input
0x7f6db8aab400 Input
0x7f6db8aabc00 Input
0x7f6db8aac400 Param
0x7f6db8aacc00 Param
0x7f6db8aad400 Input
0x7f6db8adf400 Input
0x7f6db8adf600 Input
0x7f6dbaf9f600 Input
0x7f6dbaf9f800 Inter
0x7f6dbafb2000 End
0x7f6dbafb2200 End
0x7f6dbafb2400 End
0x7f6dbafb2600 Inter
0x7f6dbe0b2600 End
0x7f6dbe116800 End
0x7f6dbe116a00 Inter
0x7f6dc1216a00 End
0x7f6dc1216c00 End
0x7f6dc1216e00 Inter
0x7f6dc4316e00 End
0x7f6dc437b000 End
0x7f6dc437b200 End
0x7f6dc437b400 End
0x7f6dc437b600 End
0x7f6dc43df800 End
0x7f6dc43dfa00 End
0x7f6dc43dfc00 End
0x7f6dc43dfe00 End
0x7f6dc4444000 End
0x7f6dc4444200 End
0x7f6dc4444400 End
0x7f6dc4444600 Inter
0x7f6dc4444800 Inter
0x7f6dc5cc4800 End
0x7f6dc5cc4a00 End
0x7f6dc5cc4c00 End
0x7f6dc5e55000 End
0x7f6dc5e55200 End
0x7f6dc5e55400 End
0x7f6dc5e55600 End
0x7f6dc5e55e00 End
0x7f6dc5e56a00 Inter
0x7f6dc5e56c00 End
0x7f6dc5e56e00 End
0x7f6dc5e57000 End
0x7f6dc5fe7400 End
0x7f6dc5fe7600 End
0x7f6dc5fe7800 End
0x7f6dc5fe7a00 Inter
0x7f6dc5fe7c00 End
0x7f6dc5fe7e00 End
0x7f6dc5fe8000 End
0x7f6dc5fe8400 End
0x7f6dc5fe8c00 End
0x7f6dc5fe9000 End
0x7f6dc5fe9400 End
0x7f6dc5fe9800 End
0x7f6dc5fe9c00 End
0x7f6dc5fea600 End
0x7f6dc5feaa00 End
0x7f6dc5feae00 End
0x7f6dc5feb200 Inter
0x7f6dc5feb400 End
0x7f6dc5feb600 End
0x7f6dc5feb800 End
0x7f6dc5feba00 End
0x7f6dc5febc00 End
0x7f6dc5fec000 End
0x7f6dc5fec400 End
0x7f6dc5fec800 End
0x7f6dc5fecc00 End
0x7f6dc5fed600 End
0x7f6dc5feda00 End
0x7f6dc5fede00 End
0x7f6dc5fee200 End
0x7f6dc5fef000 End
0x7f6dc5fef400 End
0x7f6dc5fef800 End
0x7f6dc5fefc00 End
0x7f6dc5ff0800 End
0x7f6dc5ff1000 End
0x7f6dc5ff1800 End
0x7f6dc5ff2000 End
0x7f6dc5ff2800 End
0x7f6dc5ff2c00 End
0x7f6dc5ff3400 End
0x7f6dc5ff3c00 End
0x7f6dc5ff4400 End
0x7f6dc5ff4e00 End
0x7f6dc5ff5600 End
0x7f6dc5ff5e00 End
0x7f6dc5ff6600 End
0x7f6dc5ff6e00 End
0x7f6dc5ff7200 End
0x7f6dc5ff7a00 End
0x7f6dc5ff8200 End
0x7f6dc5ff8a00 End
0x7f6dc5ff9200 End
0x7f6dc5ff9600 End
0x7f6dc5ff9e00 End
0x7f6dc5ffa600 End
0x7f6dc5ffae00 End
0x7f6dc5ffb600 End
0x7f6dee000000 Inter
0x7f6df1200000 Inter
0x7f6df2000000 Inter
0x7f6df5200000 Inter
0x7f6e05a46c00 End
0x7f6e05bd7000 Inter
0x7f6e05bf7000 Inter
0x7f6e06000000 Inter
0x7f6e09200000 Inter
0x7f6e0c400000 Inter
0x7f6e0ce00000 Inter
0x7f6e0f600000 Inter
0x7f6e23600000 Inter
%===----- BlkTypeMap -----===%
0x7f6cac000000 End
0x7f6cb4a00000 Inter
0x7f6cb5800000 Inter
0x7f6cb6000000 Inter
0x7f6cb9200000 Inter
0x7f6cba000000 Inter
0x7f6cbd200000 Inter
0x7f6cbe000000 End
0x7f6cc0600000 Inter
0x7f6cc2000000 Inter
0x7f6cce400000 Inter
0x7f6cd0000000 Inter
0x7f6cdc400000 Inter
0x7f6cde000000 Inter
0x7f6cea400000 Inter
0x7f6cec000000 Inter
0x7f6cf0000000 Inter
0x7f6cf4000000 Inter
0x7f6cf8000000 Inter
0x7f6cfc000000 Inter
0x7f6d00000000 Inter
0x7f6d04000000 Inter
0x7f6d08000000 Inter
0x7f6d0c000000 Inter
0x7f6d10000000 Inter
0x7f6d14000000 Inter
0x7f6d18000000 Inter
0x7f6d1c000000 Inter
0x7f6d20000000 Inter
0x7f6d22000000 Inter
0x7f6d24000000 Inter
0x7f6d26000000 Inter
0x7f6d28000000 Inter
0x7f6d2c000000 Inter
0x7f6d2e000000 Inter
0x7f6d30000000 Inter
0x7f6d32000000 Inter
0x7f6d34000000 Inter
0x7f6d36000000 Inter
0x7f6d38000000 Inter
0x7f6d3a000000 Inter
0x7f6d3c000000 Inter
0x7f6d3e000000 Inter
0x7f6d40000000 Inter
0x7f6d40800000 Inter
0x7f6d41000000 Inter
0x7f6d41800000 Inter
0x7f6d42000000 Inter
0x7f6d42800000 Inter
0x7f6d43000000 Inter
0x7f6d43800000 Inter
0x7f6d44000000 Inter
0x7f6d44800000 Inter
0x7f6d45000000 Inter
0x7f6d45800000 Inter
0x7f6d46000000 Inter
0x7f6d46e00000 Inter
0x7f6d48000000 Inter
0x7f6d48e00000 Inter
0x7f6d49700000 Inter
0x7f6d49940000 Param
0x7f6d499d0000 Param
0x7f6d499f4000 Inter
0x7f6d49a18000 Param
0x7f6d49a3c000 End
0x7f6d49a3c200 End
0x7f6d49a3c400 End
0x7f6d49a3c600 End
0x7f6d49a3c800 End
0x7f6d49a3ca00 End
0x7f6d49a3de00 End
0x7f6d49a3e000 End
0x7f6d49a3e200 End
0x7f6d49a3e600 End
0x7f6d49a3f200 End
0x7f6d49a3f600 End
0x7f6d49a3fa00 End
0x7f6d49a3fe00 Inter
0x7f6d4a000000 Inter
0x7f6d4c000000 Inter
0x7f6d4e000000 Inter
0x7f6d4e620000 Inter
0x7f6d4ef20000 Param
0x7f6d4f820000 Param
0x7f6d4f840000 Inter
0x7f6d4f864000 Param
0x7f6d4f86d400 End
0x7f6d4f87fc00 End
0x7f6d4f87fe00 End
0x7f6d50000000 Inter
0x7f6d52000000 Inter
0x7f6d54000000 Inter
0x7f6d56000000 Inter
0x7f6d58000000 Inter
0x7f6d5a000000 Inter
0x7f6d5c000000 Inter
0x7f6d5c620000 Inter
0x7f6d5cc40000 Inter
0x7f6d5e000000 Inter
0x7f6d60000000 Inter
0x7f6d60620000 Inter
0x7f6d60c40000 Inter
0x7f6d61540000 Param
0x7f6d61780000 Inter
0x7f6d61810000 Inter
0x7f6d61834000 Param
0x7f6d61858000 Inter
0x7f6d6187c000 End
0x7f6d6187ce00 End
0x7f6d6187d800 End
0x7f6d6187e600 End
0x7f6d6187ea00 End
0x7f6d6187f800 End
0x7f6d62000000 Inter
0x7f6d62c40000 Inter
0x7f6d63880000 Inter
0x7f6d644c0000 Inter
0x7f6d65100000 Inter
0x7f6d66980000 Inter
0x7f6d675c0000 Inter
0x7f6d68200000 Param
0x7f6d68440000 Inter
0x7f6d69080000 Inter
0x7f6d69cc0000 End
0x7f6d69e50400 End
0x7f6d69fe0800 End
0x7f6d6a170c00 Inter
0x7f6d6aa00000 Inter
0x7f6d6b800000 Inter
0x7f6d6c000000 Inter
0x7f6d6f200000 Inter
0x7f6d70000000 Inter
0x7f6d73200000 Inter
0x7f6d74000000 Param
0x7f6d74900000 Inter
0x7f6d74f20000 Inter
0x7f6d75540000 Inter
0x7f6d76180000 Inter
0x7f6d76600000 Param
0x7f6d76a80000 Param
0x7f6d76cc0000 Inter
0x7f6d76f00000 Inter
0x7f6d76f90000 Param
0x7f6d77020000 End
0x7f6d77084200 End
0x7f6d77200000 Inter
0x7f6d78000000 Inter
0x7f6d7b200000 Param
0x7f6d7bb00000 Inter
0x7f6d7bd40000 Param
0x7f6d7bdd0000 Param
0x7f6d7c000000 Inter
0x7f6d7f200000 Inter
0x7f6d80000000 Inter
0x7f6d83200000 Inter
0x7f6d83820000 Inter
0x7f6d84000000 Inter
0x7f6d87200000 Inter
0x7f6d88000000 Inter
0x7f6d8b200000 Inter
0x7f6d8c000000 Inter
0x7f6d98400000 Inter
0x7f6d9a000000 Inter
0x7f6da6400000 Inter
0x7f6da8000000 Inter
0x7f6db4400000 Inter
0x7f6db6000000 Param
0x7f6db6009400 Param
0x7f6db6009600 Param
0x7f6db6009800 Param
0x7f6db6009a00 Param
0x7f6db6009c00 Param
0x7f6db602dc00 Param
0x7f6db602de00 Param
0x7f6db602e000 Param
0x7f6db602e200 Param
0x7f6db602e400 Param
0x7f6db6052400 Param
0x7f6db6052600 Param
0x7f6db6052800 Param
0x7f6db6052a00 Param
0x7f6db6052c00 Param
0x7f6db6076c00 Param
0x7f6db6076e00 Param
0x7f6db6077000 Param
0x7f6db6077200 Param
0x7f6db6077400 Param
0x7f6db609b400 Param
0x7f6db609b600 Param
0x7f6db609b800 Param
0x7f6db609ba00 Param
0x7f6db609bc00 Param
0x7f6db60a3c00 Param
0x7f6db60a3e00 Param
0x7f6db60a4000 Param
0x7f6db60a4200 Param
0x7f6db60a4400 Param
0x7f6db60ec400 Param
0x7f6db60ec600 Param
0x7f6db60ec800 Param
0x7f6db60eca00 Param
0x7f6db60ecc00 Param
0x7f6db617cc00 Param
0x7f6db617ce00 Param
0x7f6db617d000 Param
0x7f6db617d200 Param
0x7f6db617d400 Param
0x7f6db620d400 Param
0x7f6db620d600 Param
0x7f6db620d800 Param
0x7f6db620da00 Param
0x7f6db620dc00 Param
0x7f6db629dc00 Param
0x7f6db629de00 Param
0x7f6db629e000 Param
0x7f6db629e200 Param
0x7f6db629e400 Param
0x7f6db62be400 Param
0x7f6db62be800 Param
0x7f6db62bec00 Param
0x7f6db62bf000 Param
0x7f6db62bf400 Param
0x7f6db63df400 Param
0x7f6db63df800 Param
0x7f6db63dfc00 Param
0x7f6db63e0000 Param
0x7f6db63e0400 Param
0x7f6db6620400 Param
0x7f6db6620800 Param
0x7f6db6620c00 Param
0x7f6db6621000 Param
0x7f6db6621400 Param
0x7f6db6861400 Param
0x7f6db6861800 Param
0x7f6db6861c00 Param
0x7f6db6862000 Param
0x7f6db6862400 Param
0x7f6db6aa2400 Param
0x7f6db6aa2800 Param
0x7f6db6aa2c00 Param
0x7f6db6aa3000 Param
0x7f6db6aa3400 Param
0x7f6db6b23400 Param
0x7f6db6b23c00 Param
0x7f6db6b24400 Param
0x7f6db6b24c00 Param
0x7f6db6b25400 Param
0x7f6db6fa5400 Param
0x7f6db6fa5c00 Param
0x7f6db6fa6400 Param
0x7f6db6fa6c00 Param
0x7f6db6fa7400 Param
0x7f6db78a7400 Param
0x7f6db78a7c00 Param
0x7f6db78a8400 Param
0x7f6db78a8c00 Param
0x7f6db78a9400 Param
0x7f6db81a9400 Param
0x7f6db81a9c00 Param
0x7f6db81aa400 Param
0x7f6db81aac00 Param
0x7f6db81ab400 Param
0x7f6db8aab400 Param
0x7f6db8aabc00 Param
0x7f6db8aac400 Param
0x7f6db8aacc00 Param
0x7f6db8aad400 Param
0x7f6db8adf400 Param
0x7f6db8adf600 Input
0x7f6dbaf9f600 Input
0x7f6dbaf9f800 Inter
0x7f6dbafa5c00 Inter
0x7f6dbafac000 End
0x7f6dbafacc00 End
0x7f6dbafad400 End
0x7f6dbafae000 End
0x7f6dbafae800 End
0x7f6dbafaf200 End
0x7f6dbafafa00 End
0x7f6dbafb0600 End
0x7f6dbafb0e00 End
0x7f6dbafb1a00 Inter
0x7f6dbafb1c00 Inter
0x7f6dbafb2000 End
0x7f6dbafb2200 Inter
0x7f6dbafb2400 Inter
0x7f6dbafb2600 Inter
0x7f6dbe0b2600 Inter
0x7f6dbe0d2600 Inter
0x7f6dbe104600 Inter
0x7f6dbe10c600 Param
0x7f6dbe114600 Param
0x7f6dbe114800 Inter
0x7f6dbe114a00 Inter
0x7f6dbe114c00 Param
0x7f6dbe114e00 Param
0x7f6dbe115000 Inter
0x7f6dbe115200 Inter
0x7f6dbe115400 Param
0x7f6dbe115600 Param
0x7f6dbe115800 Inter
0x7f6dbe115a00 Inter
0x7f6dbe115c00 Param
0x7f6dbe115e00 Param
0x7f6dbe116000 Inter
0x7f6dbe116200 Inter
0x7f6dbe116400 Param
0x7f6dbe116600 Param
0x7f6dbe116800 End
0x7f6dbe116a00 Inter
0x7f6dc1216a00 Inter
0x7f6dc1216c00 Inter
0x7f6dc1216e00 Inter
0x7f6dc4316e00 Param
0x7f6dc4348e00 Inter
0x7f6dc4368e00 Inter
0x7f6dc437b000 End
0x7f6dc437b200 Inter
0x7f6dc437b400 Inter
0x7f6dc437b600 Inter
0x7f6dc43df800 End
0x7f6dc43dfa00 Inter
0x7f6dc43dfc00 Inter
0x7f6dc43dfe00 Param
0x7f6dc4444000 End
0x7f6dc4444200 Inter
0x7f6dc4444400 Inter
0x7f6dc4444600 Inter
0x7f6dc4444800 Inter
0x7f6dc5cc4800 Inter
0x7f6dc5cc4a00 Inter
0x7f6dc5cc4c00 Inter
0x7f6dc5de4c00 End
0x7f6dc5e55000 End
0x7f6dc5e55200 Inter
0x7f6dc5e55400 Inter
0x7f6dc5e55600 Param
0x7f6dc5e55e00 Inter
0x7f6dc5e56200 Inter
0x7f6dc5e56600 Param
0x7f6dc5e56a00 Inter
0x7f6dc5e56c00 Inter
0x7f6dc5e56e00 Inter
0x7f6dc5e57000 Param
0x7f6dc5f77000 End
0x7f6dc5fe7400 End
0x7f6dc5fe7600 Inter
0x7f6dc5fe7800 Inter
0x7f6dc5fe7a00 Inter
0x7f6dc5fe7c00 Inter
0x7f6dc5fe7e00 Inter
0x7f6dc5fe8000 Inter
0x7f6dc5fe8400 End
0x7f6dc5fe8800 Param
0x7f6dc5fe8c00 End
0x7f6dc5fe9000 Inter
0x7f6dc5fe9400 Inter
0x7f6dc5fe9800 Param
0x7f6dc5fe9c00 End
0x7f6dc5fea000 Inter
0x7f6dc5fea600 End
0x7f6dc5fea800 Inter
0x7f6dc5feaa00 Inter
0x7f6dc5feae00 Inter
0x7f6dc5feb200 Inter
0x7f6dc5feb400 Param
0x7f6dc5feb600 Inter
0x7f6dc5feb800 End
0x7f6dc5feba00 End
0x7f6dc5febc00 End
0x7f6dc5febe00 Param
0x7f6dc5fec000 Inter
0x7f6dc5fec400 Inter
0x7f6dc5fec800 Inter
0x7f6dc5fecc00 End
0x7f6dc5fed000 Param
0x7f6dc5fed600 End
0x7f6dc5fed800 Param
0x7f6dc5feda00 Inter
0x7f6dc5fede00 Inter
0x7f6dc5fee200 Param
0x7f6dc5feea00 Inter
0x7f6dc5fef000 End
0x7f6dc5fef200 Inter
0x7f6dc5fef400 Inter
0x7f6dc5fef800 Inter
0x7f6dc5fefc00 Param
0x7f6dc5ff0400 Inter
0x7f6dc5ff0800 End
0x7f6dc5ff0c00 Inter
0x7f6dc5ff1000 Inter
0x7f6dc5ff1800 Inter
0x7f6dc5ff2000 Inter
0x7f6dc5ff2800 Param
0x7f6dc5ff2c00 End
0x7f6dc5ff3000 Inter
0x7f6dc5ff3400 Inter
0x7f6dc5ff3c00 Inter
0x7f6dc5ff4400 Inter
0x7f6dc5ff4c00 Param
0x7f6dc5ff4e00 End
0x7f6dc5ff5400 Inter
0x7f6dc5ff5600 Inter
0x7f6dc5ff5e00 Inter
0x7f6dc5ff6600 Param
0x7f6dc5ff6e00 Inter
0x7f6dc5ff7200 End
0x7f6dc5ff7600 Param
0x7f6dc5ff7a00 Inter
0x7f6dc5ff8200 Inter
0x7f6dc5ff8a00 Inter
0x7f6dc5ff9200 Param
0x7f6dc5ff9600 End
0x7f6dc5ff9a00 Param
0x7f6dc5ff9e00 Inter
0x7f6dc5ffa600 Inter
0x7f6dc5ffae00 Param
0x7f6dc5ffb200 Inter
0x7f6dc5ffb600 Inter
0x7f6dc5ffba00 Param
0x7f6dc5ffbe00 Param
0x7f6dc5ffc200 Inter
0x7f6dc5ffc600 Inter
0x7f6dc5ffca00 Param
0x7f6dc5ffce00 Param
0x7f6dc5ffd200 Inter
0x7f6dc5ffd600 Inter
0x7f6dc5ffda00 Param
0x7f6dc5ffde00 Param
0x7f6dc5ffe200 Inter
0x7f6dc5ffe400 Inter
0x7f6dc5ffe600 Param
0x7f6dc5ffe800 Param
0x7f6dc5ffea00 Inter
0x7f6dc5ffec00 Inter
0x7f6dc5ffee00 Param
0x7f6dc5fff000 Param
0x7f6dc5fff200 Inter
0x7f6dc5fff400 Inter
0x7f6dc5fff600 Param
0x7f6dc5fff800 Param
0x7f6dc5fffa00 Inter
0x7f6dc5fffc00 Inter
0x7f6dc5fffe00 Param
0x7f6dee000000 Inter
0x7f6df1200000 Inter
0x7f6df2000000 Inter
0x7f6df2c40000 Inter
0x7f6df3880000 Inter
0x7f6df44c0000 Inter
0x7f6df5200000 Inter
0x7f6e05a46c00 Inter
0x7f6e05ac6c00 Param
0x7f6e05b46c00 Inter
0x7f6e05bd6c00 Param
0x7f6e05bd6e00 Param
0x7f6e05bd7000 Inter
0x7f6e05bf7000 Inter
0x7f6e06000000 Inter
0x7f6e09200000 Inter
0x7f6e0c400000 Inter
0x7f6e0ce00000 Inter
0x7f6e0f600000 Inter
0x7f6e23600000 Inter
