%===----- BlkTypeMap -----===%
0x7f9a6e000000 Inter
0x7f9aba000000 Inter
0x7f9b06000000 Input
0x7f9b0604b000 Input
0x7f9b06063000 Input
0x7f9b0606f000 Input
0x7f9b06087000 Input
0x7f9b06087200 Inter
0x7f9b060a0200 Inter
0x7f9b060d2200 Inter
%===----- BlkTypeMap -----===%
0x7f9a6e000000 Inter
0x7f9aba000000 Inter
0x7f9b06000000 Input
0x7f9b06032000 Input
0x7f9b0604b000 Input
0x7f9b06063000 Input
0x7f9b0606f000 Input
0x7f9b06087000 Input
0x7f9b06087200 Inter
0x7f9b060a0200 Inter
0x7f9b060d2200 Inter
0x7f9b06104200 Inter
0x7f9b06104400 Inter
0x7f9b0611d400 Inter
0x7f9b06136400 Inter
%===----- BlkTypeMap -----===%
0x7f99d6000000 Inter
0x7f9a22000000 Inter
0x7f9a6e000000 Inter
0x7f9aba000000 Inter
0x7f9b06000000 Input
0x7f9b06032000 Input
0x7f9b0604b000 Param
0x7f9b06063000 Param
0x7f9b0606f000 Param
0x7f9b06087000 Param
0x7f9b06087200 Inter
0x7f9b06087400 Inter
0x7f9b060a0200 Inter
0x7f9b060d2200 Inter
0x7f9b06104200 Inter
0x7f9b06104400 Inter
0x7f9b0611d400 Inter
0x7f9b06136400 Inter
0x7f9b0614f400 Inter
0x7f9b0615b400 Inter
0x7f9b06174400 End
0x7f9b061a6400 Inter
0x7f9b061be400 Inter
0x7f9b061d7400 Inter
0x7f9b061f0400 Inter
0x7f9b06209400 Inter
