%===----- BlkTypeMap -----===%
0x7faf5a000000 End
0x7faf65800000 Inter
0x7faf65900000 Inter
0x7faf65a00000 Inter
0x7faf65b00000 Inter
0x7faf65c00000 Inter
0x7faf65d00000 Inter
0x7faf66000000 End
0x7faf74400000 Inter
0x7faf75000000 Inter
0x7faf76000000 End
0x7faf81200000 Inter
0x7faf82000000 End
0x7faf8cc00000 Inter
0x7faf8e000000 Input
0x7faf8e016c00 Input
0x7faf8e016e00 Input
0x7faf8e142e00 Input
0x7faf8e143200 Input
0x7faf8e3cb200 Input
0x7faf8e3cb800 Input
0x7faf8e72b800 Input
0x7faf8e72bc00 Input
0x7faf8e96bc00 Input
0x7faf8e96c000 Input
0x7faf8f96c000 Input
0x7faf8f970000 Input
0x7faf93970000 Input
0x7faf93974000 Input
0x7faf93b04000 Input
0x7faf93b04200 Input
0x7faf95fc4400 End
0x7faf95fcea00 Inter
0x7faf98f12a00 Inter
0x7faf9be56a00 Inter
0x7faf9c9baa00 Inter
0x7faf9d1a6a00 Inter
0x7faf9dc36a00 Inter
0x7faf9de76a00 Inter
0x7faf9deb6a00 Inter
0x7faf9def6a00 Inter
0x7faf9df36a00 Inter
0x7faf9df76a00 Inter
0x7faf9df76c00 Inter
0x7faf9df76e00 Inter
0x7faf9df7d200 Inter
0x7fafdda46c00 Inter
0x7fafde000000 Inter
0x7fafe0400000 Inter
0x7fafe4e00000 Inter
%===----- BlkTypeMap -----===%
0x7faf5a000000 End
0x7faf65800000 Inter
0x7faf65900000 Inter
0x7faf65a00000 Inter
0x7faf65b00000 Inter
0x7faf65c00000 Inter
0x7faf65d00000 Inter
0x7faf66000000 End
0x7faf74400000 Inter
0x7faf75000000 Inter
0x7faf76000000 End
0x7faf81200000 Inter
0x7faf82000000 End
0x7faf8cc00000 Inter
0x7faf8e000000 Input
0x7faf8e016c00 Input
0x7faf8e016e00 Input
0x7faf8e142e00 Input
0x7faf8e143200 Input
0x7faf8e3cb200 Input
0x7faf8e3cb800 Input
0x7faf8e72b800 Input
0x7faf8e72bc00 Input
0x7faf8e96bc00 Input
0x7faf8e96c000 Input
0x7faf8f96c000 Input
0x7faf8f970000 Input
0x7faf93970000 Input
0x7faf93974000 Input
0x7faf93b04000 Input
0x7faf93b04200 Input
0x7faf95fc4200 Input
0x7faf95fc4400 Inter
0x7faf95fca800 Inter
0x7faf95fcaa00 Inter
0x7faf95fcac00 Inter
0x7faf95fcae00 Inter
0x7faf95fcea00 Inter
0x7faf98f12a00 Inter
0x7faf9be56a00 Inter
0x7faf9c9baa00 Inter
0x7faf9d1a6a00 Inter
0x7faf9dc36a00 Inter
0x7faf9de76a00 Inter
0x7faf9deb6a00 Inter
0x7faf9def6a00 End
0x7faf9df36a00 Inter
0x7faf9df76a00 Inter
0x7faf9df76c00 Inter
0x7faf9df76e00 Inter
0x7faf9df7d200 Inter
0x7fafdda46c00 Inter
0x7fafde000000 Inter
0x7fafe0400000 Inter
0x7fafe4e00000 Inter
%===----- BlkTypeMap -----===%
0x7faf32000000 End
0x7faf3e000000 End
0x7faf4e000000 End
0x7faf5a000000 Inter
0x7faf5ab64000 Inter
0x7faf5daa8000 Inter
0x7faf609ec000 End
0x7faf65800000 Inter
0x7faf65900000 Inter
0x7faf65a00000 Inter
0x7faf65b00000 Inter
0x7faf65c00000 Inter
0x7faf65d00000 Inter
0x7faf66000000 End
0x7faf74400000 Inter
0x7faf75000000 Inter
0x7faf76000000 Inter
0x7faf76a90000 Inter
0x7faf77520000 Inter
0x7faf77fb0000 Inter
0x7faf781f0000 Param
0x7faf78430000 Inter
0x7faf78ec0000 Inter
0x7faf79e98000 Inter
0x7faf7a1f8000 Param
0x7faf7a558000 Inter
0x7faf7b530000 Inter
0x7faf7bd1c000 Inter
0x7faf7bfa4000 Param
0x7faf7c22c000 Inter
0x7faf7e458000 Inter
0x7faf80684000 Inter
0x7faf807b0000 Param
0x7faf808dc000 Inter
0x7faf809dc000 Inter
0x7faf81200000 Inter
0x7faf82000000 Inter
0x7faf82190000 Param
0x7faf82320000 Inter
0x7faf82420000 Inter
0x7faf86420000 Param
0x7faf8a420000 Inter
0x7faf8a520000 Inter
0x7faf8a620000 Inter
0x7faf8a720000 Inter
0x7faf8b720000 Param
0x7faf8c720000 Inter
0x7faf8c760000 Inter
0x7faf8c9a0000 Param
0x7faf8c9b6c00 Inter
0x7faf8cc00000 Inter
0x7faf8e000000 Param
0x7faf8e016c00 Param
0x7faf8e016e00 Param
0x7faf8e142e00 Param
0x7faf8e143200 Param
0x7faf8e3cb200 Param
0x7faf8e3cb800 Param
0x7faf8e72b800 Param
0x7faf8e72bc00 Param
0x7faf8e96bc00 Param
0x7faf8e96c000 Param
0x7faf8f96c000 Param
0x7faf8f970000 Param
0x7faf93970000 Param
0x7faf93974000 Param
0x7faf93b04000 Param
0x7faf93b04200 Input
0x7faf95fc4200 Input
0x7faf95fc4400 Inter
0x7faf95fca800 Inter
0x7faf95fcaa00 Param
0x7faf95fcac00 Inter
0x7faf95fcae00 Inter
0x7faf95fcb000 Inter
0x7faf95fcb200 Inter
0x7faf95fcea00 Inter
0x7faf98f12a00 Inter
0x7faf9be56a00 Inter
0x7faf9c9baa00 Inter
0x7faf9d1a6a00 Inter
0x7faf9dc36a00 Inter
0x7faf9de76a00 Inter
0x7faf9deb6a00 Inter
0x7faf9def6a00 Inter
0x7faf9defce00 Inter
0x7faf9df00e00 Param
0x7faf9df04e00 Inter
0x7faf9df08e00 Param
0x7faf9df0ce00 Inter
0x7faf9df23a00 End
0x7faf9df36a00 Inter
0x7faf9df76a00 Inter
0x7faf9df76c00 Inter
0x7faf9df76e00 Inter
0x7faf9df7d200 Inter
0x7faf9dfbd200 Inter
0x7faf9dffd200 Inter
0x7faf9dffd600 Param
0x7faf9dffda00 Inter
0x7faf9dffde00 Param
0x7faf9dffe200 Inter
0x7faf9dffe800 Param
0x7faf9dffee00 Inter
0x7faf9dfff200 Param
0x7faf9dfff600 Inter
0x7faf9dfff800 Param
0x7faf9dfffa00 Inter
0x7faf9dfffc00 Inter
0x7faf9dfffe00 Inter
0x7fafdda46c00 Inter
0x7fafde000000 Inter
0x7fafe0400000 Inter
0x7fafe4e00000 Inter
