%===----- BlkTypeMap -----===%
0x7f8c4e000000 Input
0x7f8c4e001600 Input
0x7f8c4e001800 Input
0x7f8c4e001a00 Input
0x7f8c4e001c00 Input
0x7f8c4e001e00 Inter
0x7f8c4e003200 Inter
0x7f8c4e003a00 Inter
0x7f8c4e004e00 Inter
0x7f8c4e005c00 Inter
%===----- BlkTypeMap -----===%
0x7f8c4e000000 Input
0x7f8c4e000e00 Input
0x7f8c4e001600 Input
0x7f8c4e001800 Input
0x7f8c4e001a00 Input
0x7f8c4e001c00 Input
0x7f8c4e001e00 Inter
0x7f8c4e003200 Inter
0x7f8c4e003a00 Inter
0x7f8c4e004e00 Inter
0x7f8c4e005c00 Inter
0x7f8c4e006a00 Inter
0x7f8c4e006c00 Inter
0x7f8c4e007400 Inter
0x7f8c4e007c00 Inter
%===----- BlkTypeMap -----===%
0x7f8c4e000000 Input
0x7f8c4e000e00 Input
0x7f8c4e001600 Param
0x7f8c4e001800 Param
0x7f8c4e001a00 Param
0x7f8c4e001c00 Param
0x7f8c4e001e00 Inter
0x7f8c4e003200 Inter
0x7f8c4e003400 Inter
0x7f8c4e003600 Inter
0x7f8c4e003800 Inter
0x7f8c4e003a00 Inter
0x7f8c4e004e00 Inter
0x7f8c4e005c00 Inter
0x7f8c4e006a00 Inter
0x7f8c4e006c00 Inter
0x7f8c4e007400 Inter
0x7f8c4e007a00 Inter
0x7f8c4e007c00 Inter
0x7f8c4e008200 Inter
0x7f8c4e009600 Inter
0x7f8c4e00aa00 Inter
0x7f8c4e00b200 End
0x7f8c4e00c000 Inter
0x7f8c4e00c800 Inter
0x7f8c4e00d000 Inter
0x7f8c4e00d800 Inter
%===----- BlkTypeMap -----===%
0x7f8c4e000000 Input
0x7f8c4e000e00 Input
0x7f8c4e001600 Param
0x7f8c4e001800 Param
0x7f8c4e001a00 Param
0x7f8c4e001c00 Param
0x7f8c4e001e00 Inter
0x7f8c4e003200 Inter
0x7f8c4e003400 Inter
0x7f8c4e003600 Inter
0x7f8c4e003800 Inter
0x7f8c4e003a00 Inter
0x7f8c4e004600 Inter
0x7f8c4e004e00 Inter
0x7f8c4e005c00 Inter
0x7f8c4e006400 Inter
0x7f8c4e006600 Inter
0x7f8c4e006800 Inter
0x7f8c4e006a00 Inter
0x7f8c4e006c00 Inter
0x7f8c4e007400 Inter
0x7f8c4e007a00 Inter
0x7f8c4e007c00 Inter
0x7f8c4e008200 Inter
0x7f8c4e008a00 Inter
0x7f8c4e009600 Inter
0x7f8c4e009800 Inter
0x7f8c4e00a000 Inter
0x7f8c4e00aa00 Inter
0x7f8c4e00b200 End
0x7f8c4e00b400 Inter
0x7f8c4e00c000 Inter
0x7f8c4e00c800 Inter
0x7f8c4e00d000 End
0x7f8c4e00d800 Inter
0x7f8c4e00de00 Inter
%===----- BlkTypeMap -----===%
0x7f8c4e000000 Input
0x7f8c4e000e00 Input
0x7f8c4e001600 Param
0x7f8c4e001800 Param
0x7f8c4e001a00 Param
0x7f8c4e001c00 Param
0x7f8c4e001e00 Inter
0x7f8c4e003200 Inter
0x7f8c4e003400 Inter
0x7f8c4e003600 Inter
0x7f8c4e003800 Inter
0x7f8c4e003a00 Inter
0x7f8c4e004600 Inter
0x7f8c4e004e00 Inter
0x7f8c4e005c00 Inter
0x7f8c4e006400 Inter
0x7f8c4e006600 Inter
0x7f8c4e006800 Inter
0x7f8c4e006a00 Inter
0x7f8c4e006c00 Inter
0x7f8c4e007400 Inter
0x7f8c4e007a00 Inter
0x7f8c4e007c00 Inter
0x7f8c4e008200 Inter
0x7f8c4e008a00 Inter
0x7f8c4e009600 Inter
0x7f8c4e009800 Inter
0x7f8c4e00a000 Inter
0x7f8c4e00aa00 Inter
0x7f8c4e00b200 End
0x7f8c4e00b400 Inter
0x7f8c4e00c000 Inter
0x7f8c4e00c800 Inter
0x7f8c4e00d000 End
0x7f8c4e00d800 Inter
0x7f8c4e00de00 Inter
%===----- BlkTypeMap -----===%
0x7f8c4e000000 Input
0x7f8c4e000e00 Input
0x7f8c4e001600 Param
0x7f8c4e001800 Param
0x7f8c4e001a00 Param
0x7f8c4e001c00 Param
0x7f8c4e001e00 Inter
0x7f8c4e003200 Inter
0x7f8c4e003400 Inter
0x7f8c4e003600 Inter
0x7f8c4e003800 Inter
0x7f8c4e003a00 Inter
0x7f8c4e004600 Inter
0x7f8c4e004e00 Inter
0x7f8c4e005c00 Inter
0x7f8c4e006400 Inter
0x7f8c4e006600 Inter
0x7f8c4e006800 Inter
0x7f8c4e006a00 Inter
0x7f8c4e006c00 Inter
0x7f8c4e007400 Inter
0x7f8c4e007a00 Inter
0x7f8c4e007c00 Inter
0x7f8c4e008200 Inter
0x7f8c4e008a00 Inter
0x7f8c4e009600 Inter
0x7f8c4e009800 Inter
0x7f8c4e00a000 Inter
0x7f8c4e00aa00 Inter
0x7f8c4e00b200 End
0x7f8c4e00b400 Inter
0x7f8c4e00c000 Inter
0x7f8c4e00c800 Inter
0x7f8c4e00d000 End
0x7f8c4e00d800 Inter
0x7f8c4e00de00 Inter
%===----- BlkTypeMap -----===%
0x7f8c4e000000 Input
0x7f8c4e000e00 Input
0x7f8c4e001600 Param
0x7f8c4e001800 Param
0x7f8c4e001a00 Param
0x7f8c4e001c00 Param
0x7f8c4e001e00 Inter
0x7f8c4e003200 Inter
0x7f8c4e003400 Inter
0x7f8c4e003600 Inter
0x7f8c4e003800 Inter
0x7f8c4e003a00 Inter
0x7f8c4e004600 Inter
0x7f8c4e004e00 Inter
0x7f8c4e005c00 Inter
0x7f8c4e006400 Inter
0x7f8c4e006600 Inter
0x7f8c4e006800 Inter
0x7f8c4e006a00 Inter
0x7f8c4e006c00 Inter
0x7f8c4e007400 Inter
0x7f8c4e007a00 Inter
0x7f8c4e007c00 Inter
0x7f8c4e008200 Inter
0x7f8c4e008a00 Inter
0x7f8c4e009600 Inter
0x7f8c4e009800 Inter
0x7f8c4e00a000 Inter
0x7f8c4e00aa00 Inter
0x7f8c4e00b200 End
0x7f8c4e00b400 Inter
0x7f8c4e00c000 Inter
0x7f8c4e00c800 Inter
0x7f8c4e00d000 End
0x7f8c4e00d800 Inter
0x7f8c4e00de00 Inter
