*** IR Dump After Simplify the CFG ***
; Function Attrs: norecurse nounwind ssp uwtable
define i32 @main() #0 {
  %1 = alloca <4 x i32>, align 16
  %2 = alloca <4 x i32>, align 16
  %3 = alloca <4 x i32>, align 16
  %4 = bitcast <4 x i32>* %1 to i8*
  call void @llvm.lifetime.start.p0i8(i64 16, i8* %4) #2
  %5 = bitcast <4 x i32>* %2 to i8*
  call void @llvm.lifetime.start.p0i8(i64 16, i8* %5) #2
  %6 = bitcast <4 x i32>* %3 to i8*
  call void @llvm.lifetime.start.p0i8(i64 16, i8* %6) #2
  %7 = load <4 x i32>, <4 x i32>* %1, align 16, !tbaa !3
  %8 = load <4 x i32>, <4 x i32>* %2, align 16, !tbaa !3
  %9 = add <4 x i32> %7, %8
  store <4 x i32> %9, <4 x i32>* %3, align 16, !tbaa !3
  %10 = bitcast <4 x i32>* %3 to i8*
  call void @llvm.lifetime.end.p0i8(i64 16, i8* %10) #2
  %11 = bitcast <4 x i32>* %2 to i8*
  call void @llvm.lifetime.end.p0i8(i64 16, i8* %11) #2
  %12 = bitcast <4 x i32>* %1 to i8*
  call void @llvm.lifetime.end.p0i8(i64 16, i8* %12) #2
  ret i32 0
}
*** IR Dump After SROA ***
; Function Attrs: norecurse nounwind ssp uwtable
define i32 @main() #0 {
  %1 = add <4 x i32> undef, undef
  ret i32 0
}
*** IR Dump After Early CSE ***
; Function Attrs: norecurse nounwind ssp uwtable
define i32 @main() #0 {
  ret i32 0
}
*** IR Dump After Lower 'expect' Intrinsics ***
; Function Attrs: norecurse nounwind ssp uwtable
define i32 @main() #0 {
  ret i32 0
}
*** IR Dump After Force set function attributes ***; ModuleID = 'foo.cpp'
source_filename = "foo.cpp"
target datalayout = "e-m:o-i64:64-f80:128-n8:16:32:64-S128"
target triple = "x86_64-apple-macosx10.13.0"

; Function Attrs: norecurse nounwind ssp uwtable
define i32 @main() #0 {
  ret i32 0
}

; Function Attrs: argmemonly nounwind
declare void @llvm.lifetime.start.p0i8(i64, i8* nocapture) #1

; Function Attrs: argmemonly nounwind
declare void @llvm.lifetime.end.p0i8(i64, i8* nocapture) #1

attributes #0 = { norecurse nounwind ssp uwtable "correctly-rounded-divide-sqrt-fp-math"="false" "disable-tail-calls"="false" "less-precise-fpmad"="false" "no-frame-pointer-elim"="true" "no-frame-pointer-elim-non-leaf" "no-infs-fp-math"="false" "no-jump-tables"="false" "no-nans-fp-math"="false" "no-signed-zeros-fp-math"="false" "no-trapping-math"="false" "stack-protector-buffer-size"="8" "target-cpu"="penryn" "target-features"="+cx16,+fxsr,+mmx,+sse,+sse2,+sse3,+sse4.1,+ssse3,+x87" "unsafe-fp-math"="false" "use-soft-float"="false" }
attributes #1 = { argmemonly nounwind }

!llvm.module.flags = !{!0, !1}
!llvm.ident = !{!2}

!0 = !{i32 1, !"wchar_size", i32 4}
!1 = !{i32 7, !"PIC Level", i32 2}
!2 = !{!"clang version 5.0.0 (tags/RELEASE_500/final)"}
*** IR Dump After Infer set function attributes ***; ModuleID = 'foo.cpp'
source_filename = "foo.cpp"
target datalayout = "e-m:o-i64:64-f80:128-n8:16:32:64-S128"
target triple = "x86_64-apple-macosx10.13.0"

; Function Attrs: norecurse nounwind ssp uwtable
define i32 @main() #0 {
  ret i32 0
}

; Function Attrs: argmemonly nounwind
declare void @llvm.lifetime.start.p0i8(i64, i8* nocapture) #1

; Function Attrs: argmemonly nounwind
declare void @llvm.lifetime.end.p0i8(i64, i8* nocapture) #1

attributes #0 = { norecurse nounwind ssp uwtable "correctly-rounded-divide-sqrt-fp-math"="false" "disable-tail-calls"="false" "less-precise-fpmad"="false" "no-frame-pointer-elim"="true" "no-frame-pointer-elim-non-leaf" "no-infs-fp-math"="false" "no-jump-tables"="false" "no-nans-fp-math"="false" "no-signed-zeros-fp-math"="false" "no-trapping-math"="false" "stack-protector-buffer-size"="8" "target-cpu"="penryn" "target-features"="+cx16,+fxsr,+mmx,+sse,+sse2,+sse3,+sse4.1,+ssse3,+x87" "unsafe-fp-math"="false" "use-soft-float"="false" }
attributes #1 = { argmemonly nounwind }

!llvm.module.flags = !{!0, !1}
!llvm.ident = !{!2}

!0 = !{i32 1, !"wchar_size", i32 4}
!1 = !{i32 7, !"PIC Level", i32 2}
!2 = !{!"clang version 5.0.0 (tags/RELEASE_500/final)"}
*** IR Dump After Interprocedural Sparse Conditional Constant Propagation ***; ModuleID = 'foo.cpp'
source_filename = "foo.cpp"
target datalayout = "e-m:o-i64:64-f80:128-n8:16:32:64-S128"
target triple = "x86_64-apple-macosx10.13.0"

; Function Attrs: norecurse nounwind ssp uwtable
define i32 @main() #0 {
  ret i32 0
}

; Function Attrs: argmemonly nounwind
declare void @llvm.lifetime.start.p0i8(i64, i8* nocapture) #1

; Function Attrs: argmemonly nounwind
declare void @llvm.lifetime.end.p0i8(i64, i8* nocapture) #1

attributes #0 = { norecurse nounwind ssp uwtable "correctly-rounded-divide-sqrt-fp-math"="false" "disable-tail-calls"="false" "less-precise-fpmad"="false" "no-frame-pointer-elim"="true" "no-frame-pointer-elim-non-leaf" "no-infs-fp-math"="false" "no-jump-tables"="false" "no-nans-fp-math"="false" "no-signed-zeros-fp-math"="false" "no-trapping-math"="false" "stack-protector-buffer-size"="8" "target-cpu"="penryn" "target-features"="+cx16,+fxsr,+mmx,+sse,+sse2,+sse3,+sse4.1,+ssse3,+x87" "unsafe-fp-math"="false" "use-soft-float"="false" }
attributes #1 = { argmemonly nounwind }

!llvm.module.flags = !{!0, !1}
!llvm.ident = !{!2}

!0 = !{i32 1, !"wchar_size", i32 4}
!1 = !{i32 7, !"PIC Level", i32 2}
!2 = !{!"clang version 5.0.0 (tags/RELEASE_500/final)"}
*** IR Dump After Global Variable Optimizer ***; ModuleID = 'foo.cpp'
source_filename = "foo.cpp"
target datalayout = "e-m:o-i64:64-f80:128-n8:16:32:64-S128"
target triple = "x86_64-apple-macosx10.13.0"

; Function Attrs: norecurse nounwind ssp uwtable
define i32 @main() local_unnamed_addr #0 {
  ret i32 0
}

attributes #0 = { norecurse nounwind ssp uwtable "correctly-rounded-divide-sqrt-fp-math"="false" "disable-tail-calls"="false" "less-precise-fpmad"="false" "no-frame-pointer-elim"="true" "no-frame-pointer-elim-non-leaf" "no-infs-fp-math"="false" "no-jump-tables"="false" "no-nans-fp-math"="false" "no-signed-zeros-fp-math"="false" "no-trapping-math"="false" "stack-protector-buffer-size"="8" "target-cpu"="penryn" "target-features"="+cx16,+fxsr,+mmx,+sse,+sse2,+sse3,+sse4.1,+ssse3,+x87" "unsafe-fp-math"="false" "use-soft-float"="false" }

!llvm.module.flags = !{!0, !1}
!llvm.ident = !{!2}

!0 = !{i32 1, !"wchar_size", i32 4}
!1 = !{i32 7, !"PIC Level", i32 2}
!2 = !{!"clang version 5.0.0 (tags/RELEASE_500/final)"}
*** IR Dump After Promote Memory to Register ***
; Function Attrs: norecurse nounwind ssp uwtable
define i32 @main() local_unnamed_addr #0 {
  ret i32 0
}
*** IR Dump After Dead Argument Elimination ***; ModuleID = 'foo.cpp'
source_filename = "foo.cpp"
target datalayout = "e-m:o-i64:64-f80:128-n8:16:32:64-S128"
target triple = "x86_64-apple-macosx10.13.0"

; Function Attrs: norecurse nounwind ssp uwtable
define i32 @main() local_unnamed_addr #0 {
  ret i32 0
}

attributes #0 = { norecurse nounwind ssp uwtable "correctly-rounded-divide-sqrt-fp-math"="false" "disable-tail-calls"="false" "less-precise-fpmad"="false" "no-frame-pointer-elim"="true" "no-frame-pointer-elim-non-leaf" "no-infs-fp-math"="false" "no-jump-tables"="false" "no-nans-fp-math"="false" "no-signed-zeros-fp-math"="false" "no-trapping-math"="false" "stack-protector-buffer-size"="8" "target-cpu"="penryn" "target-features"="+cx16,+fxsr,+mmx,+sse,+sse2,+sse3,+sse4.1,+ssse3,+x87" "unsafe-fp-math"="false" "use-soft-float"="false" }

!llvm.module.flags = !{!0, !1}
!llvm.ident = !{!2}

!0 = !{i32 1, !"wchar_size", i32 4}
!1 = !{i32 7, !"PIC Level", i32 2}
!2 = !{!"clang version 5.0.0 (tags/RELEASE_500/final)"}
*** IR Dump After Combine redundant instructions ***
; Function Attrs: norecurse nounwind ssp uwtable
define i32 @main() local_unnamed_addr #0 {
  ret i32 0
}
*** IR Dump After Simplify the CFG ***
; Function Attrs: norecurse nounwind ssp uwtable
define i32 @main() local_unnamed_addr #0 {
  ret i32 0
}
*** IR Dump After Remove unused exception handling info ***
; Function Attrs: norecurse nounwind ssp uwtable
define i32 @main() local_unnamed_addr #0 {
  ret i32 0
}
*** IR Dump After Inliner for always_inline functions ***
; Function Attrs: norecurse nounwind ssp uwtable
define i32 @main() local_unnamed_addr #0 {
  ret i32 0
}
*** IR Dump After Deduce function attributes ***
; Function Attrs: norecurse nounwind readnone ssp uwtable
define i32 @main() local_unnamed_addr #0 {
  ret i32 0
}
*** IR Dump After SROA ***
; Function Attrs: norecurse nounwind readnone ssp uwtable
define i32 @main() local_unnamed_addr #0 {
  ret i32 0
}
*** IR Dump After Early CSE w/ MemorySSA ***
; Function Attrs: norecurse nounwind readnone ssp uwtable
define i32 @main() local_unnamed_addr #0 {
  ret i32 0
}
*** IR Dump After Jump Threading ***
; Function Attrs: norecurse nounwind readnone ssp uwtable
define i32 @main() local_unnamed_addr #0 {
  ret i32 0
}
*** IR Dump After Value Propagation ***
; Function Attrs: norecurse nounwind readnone ssp uwtable
define i32 @main() local_unnamed_addr #0 {
  ret i32 0
}
*** IR Dump After Simplify the CFG ***
; Function Attrs: norecurse nounwind readnone ssp uwtable
define i32 @main() local_unnamed_addr #0 {
  ret i32 0
}
*** IR Dump After Combine redundant instructions ***
; Function Attrs: norecurse nounwind readnone ssp uwtable
define i32 @main() local_unnamed_addr #0 {
  ret i32 0
}
*** IR Dump After Conditionally eliminate dead library calls ***
; Function Attrs: norecurse nounwind readnone ssp uwtable
define i32 @main() local_unnamed_addr #0 {
  ret i32 0
}
*** IR Dump After PGOMemOPSize ***
; Function Attrs: norecurse nounwind readnone ssp uwtable
define i32 @main() local_unnamed_addr #0 {
  ret i32 0
}
*** IR Dump After Tail Call Elimination ***
; Function Attrs: norecurse nounwind readnone ssp uwtable
define i32 @main() local_unnamed_addr #0 {
  ret i32 0
}
*** IR Dump After Simplify the CFG ***
; Function Attrs: norecurse nounwind readnone ssp uwtable
define i32 @main() local_unnamed_addr #0 {
  ret i32 0
}
*** IR Dump After Reassociate expressions ***
; Function Attrs: norecurse nounwind readnone ssp uwtable
define i32 @main() local_unnamed_addr #0 {
  ret i32 0
}
*** IR Dump After Canonicalize natural loops ***
; Function Attrs: norecurse nounwind readnone ssp uwtable
define i32 @main() local_unnamed_addr #0 {
  ret i32 0
}
*** IR Dump After LCSSA Verifier ***
; Function Attrs: norecurse nounwind readnone ssp uwtable
define i32 @main() local_unnamed_addr #0 {
  ret i32 0
}
*** IR Dump After Loop-Closed SSA Form Pass ***
; Function Attrs: norecurse nounwind readnone ssp uwtable
define i32 @main() local_unnamed_addr #0 {
  ret i32 0
}
*** IR Dump After Simplify the CFG ***
; Function Attrs: norecurse nounwind readnone ssp uwtable
define i32 @main() local_unnamed_addr #0 {
  ret i32 0
}
*** IR Dump After Combine redundant instructions ***
; Function Attrs: norecurse nounwind readnone ssp uwtable
define i32 @main() local_unnamed_addr #0 {
  ret i32 0
}
*** IR Dump After Canonicalize natural loops ***
; Function Attrs: norecurse nounwind readnone ssp uwtable
define i32 @main() local_unnamed_addr #0 {
  ret i32 0
}
*** IR Dump After LCSSA Verifier ***
; Function Attrs: norecurse nounwind readnone ssp uwtable
define i32 @main() local_unnamed_addr #0 {
  ret i32 0
}
*** IR Dump After Loop-Closed SSA Form Pass ***
; Function Attrs: norecurse nounwind readnone ssp uwtable
define i32 @main() local_unnamed_addr #0 {
  ret i32 0
}
*** IR Dump After MemCpy Optimization ***
; Function Attrs: norecurse nounwind readnone ssp uwtable
define i32 @main() local_unnamed_addr #0 {
  ret i32 0
}
*** IR Dump After Sparse Conditional Constant Propagation ***
; Function Attrs: norecurse nounwind readnone ssp uwtable
define i32 @main() local_unnamed_addr #0 {
  ret i32 0
}
*** IR Dump After Demanded bits analysis ***
; Function Attrs: norecurse nounwind readnone ssp uwtable
define i32 @main() local_unnamed_addr #0 {
  ret i32 0
}
*** IR Dump After Bit-Tracking Dead Code Elimination ***
; Function Attrs: norecurse nounwind readnone ssp uwtable
define i32 @main() local_unnamed_addr #0 {
  ret i32 0
}
*** IR Dump After Combine redundant instructions ***
; Function Attrs: norecurse nounwind readnone ssp uwtable
define i32 @main() local_unnamed_addr #0 {
  ret i32 0
}
*** IR Dump After Jump Threading ***
; Function Attrs: norecurse nounwind readnone ssp uwtable
define i32 @main() local_unnamed_addr #0 {
  ret i32 0
}
*** IR Dump After Value Propagation ***
; Function Attrs: norecurse nounwind readnone ssp uwtable
define i32 @main() local_unnamed_addr #0 {
  ret i32 0
}
*** IR Dump After Dead Store Elimination ***
; Function Attrs: norecurse nounwind readnone ssp uwtable
define i32 @main() local_unnamed_addr #0 {
  ret i32 0
}
*** IR Dump After Canonicalize natural loops ***
; Function Attrs: norecurse nounwind readnone ssp uwtable
define i32 @main() local_unnamed_addr #0 {
  ret i32 0
}
*** IR Dump After LCSSA Verifier ***
; Function Attrs: norecurse nounwind readnone ssp uwtable
define i32 @main() local_unnamed_addr #0 {
  ret i32 0
}
*** IR Dump After Loop-Closed SSA Form Pass ***
; Function Attrs: norecurse nounwind readnone ssp uwtable
define i32 @main() local_unnamed_addr #0 {
  ret i32 0
}
*** IR Dump After Aggressive Dead Code Elimination ***
; Function Attrs: norecurse nounwind readnone ssp uwtable
define i32 @main() local_unnamed_addr #0 {
  ret i32 0
}
*** IR Dump After Simplify the CFG ***
; Function Attrs: norecurse nounwind readnone ssp uwtable
define i32 @main() local_unnamed_addr #0 {
  ret i32 0
}
*** IR Dump After Combine redundant instructions ***
; Function Attrs: norecurse nounwind readnone ssp uwtable
define i32 @main() local_unnamed_addr #0 {
  ret i32 0
}
*** IR Dump After Remove unused exception handling info ***
Printing <null> Function
*** IR Dump After Inliner for always_inline functions ***
Printing <null> Function
*** IR Dump After Deduce function attributes ***
Printing <null> Function
*** IR Dump After A No-Op Barrier Pass ***; ModuleID = 'foo.cpp'
source_filename = "foo.cpp"
target datalayout = "e-m:o-i64:64-f80:128-n8:16:32:64-S128"
target triple = "x86_64-apple-macosx10.13.0"

; Function Attrs: norecurse nounwind readnone ssp uwtable
define i32 @main() local_unnamed_addr #0 {
  ret i32 0
}

attributes #0 = { norecurse nounwind readnone ssp uwtable "correctly-rounded-divide-sqrt-fp-math"="false" "disable-tail-calls"="false" "less-precise-fpmad"="false" "no-frame-pointer-elim"="true" "no-frame-pointer-elim-non-leaf" "no-infs-fp-math"="false" "no-jump-tables"="false" "no-nans-fp-math"="false" "no-signed-zeros-fp-math"="false" "no-trapping-math"="false" "stack-protector-buffer-size"="8" "target-cpu"="penryn" "target-features"="+cx16,+fxsr,+mmx,+sse,+sse2,+sse3,+sse4.1,+ssse3,+x87" "unsafe-fp-math"="false" "use-soft-float"="false" }

!llvm.module.flags = !{!0, !1}
!llvm.ident = !{!2}

!0 = !{i32 1, !"wchar_size", i32 4}
!1 = !{i32 7, !"PIC Level", i32 2}
!2 = !{!"clang version 5.0.0 (tags/RELEASE_500/final)"}
*** IR Dump After Deduce function attributes in RPO ***; ModuleID = 'foo.cpp'
source_filename = "foo.cpp"
target datalayout = "e-m:o-i64:64-f80:128-n8:16:32:64-S128"
target triple = "x86_64-apple-macosx10.13.0"

; Function Attrs: norecurse nounwind readnone ssp uwtable
define i32 @main() local_unnamed_addr #0 {
  ret i32 0
}

attributes #0 = { norecurse nounwind readnone ssp uwtable "correctly-rounded-divide-sqrt-fp-math"="false" "disable-tail-calls"="false" "less-precise-fpmad"="false" "no-frame-pointer-elim"="true" "no-frame-pointer-elim-non-leaf" "no-infs-fp-math"="false" "no-jump-tables"="false" "no-nans-fp-math"="false" "no-signed-zeros-fp-math"="false" "no-trapping-math"="false" "stack-protector-buffer-size"="8" "target-cpu"="penryn" "target-features"="+cx16,+fxsr,+mmx,+sse,+sse2,+sse3,+sse4.1,+ssse3,+x87" "unsafe-fp-math"="false" "use-soft-float"="false" }

!llvm.module.flags = !{!0, !1}
!llvm.ident = !{!2}

!0 = !{i32 1, !"wchar_size", i32 4}
!1 = !{i32 7, !"PIC Level", i32 2}
!2 = !{!"clang version 5.0.0 (tags/RELEASE_500/final)"}
*** IR Dump After Float to int ***
; Function Attrs: norecurse nounwind readnone ssp uwtable
define i32 @main() local_unnamed_addr #0 {
  ret i32 0
}
*** IR Dump After Canonicalize natural loops ***
; Function Attrs: norecurse nounwind readnone ssp uwtable
define i32 @main() local_unnamed_addr #0 {
  ret i32 0
}
*** IR Dump After LCSSA Verifier ***
; Function Attrs: norecurse nounwind readnone ssp uwtable
define i32 @main() local_unnamed_addr #0 {
  ret i32 0
}
*** IR Dump After Loop-Closed SSA Form Pass ***
; Function Attrs: norecurse nounwind readnone ssp uwtable
define i32 @main() local_unnamed_addr #0 {
  ret i32 0
}
*** IR Dump After Loop Distribution ***
; Function Attrs: norecurse nounwind readnone ssp uwtable
define i32 @main() local_unnamed_addr #0 {
  ret i32 0
}
*** IR Dump After Demanded bits analysis ***
; Function Attrs: norecurse nounwind readnone ssp uwtable
define i32 @main() local_unnamed_addr #0 {
  ret i32 0
}
*** IR Dump After Loop Vectorization ***
; Function Attrs: norecurse nounwind readnone ssp uwtable
define i32 @main() local_unnamed_addr #0 {
  ret i32 0
}
*** IR Dump After Canonicalize natural loops ***
; Function Attrs: norecurse nounwind readnone ssp uwtable
define i32 @main() local_unnamed_addr #0 {
  ret i32 0
}
*** IR Dump After Loop Load Elimination ***
; Function Attrs: norecurse nounwind readnone ssp uwtable
define i32 @main() local_unnamed_addr #0 {
  ret i32 0
}
*** IR Dump After Combine redundant instructions ***
; Function Attrs: norecurse nounwind readnone ssp uwtable
define i32 @main() local_unnamed_addr #0 {
  ret i32 0
}
*** IR Dump After Simplify the CFG more aggressively ***
; Function Attrs: norecurse nounwind readnone ssp uwtable
define i32 @main() local_unnamed_addr #0 {
  ret i32 0
}
*** IR Dump After Combine redundant instructions ***
; Function Attrs: norecurse nounwind readnone ssp uwtable
define i32 @main() local_unnamed_addr #0 {
  ret i32 0
}
*** IR Dump After Alignment from assumptions ***
; Function Attrs: norecurse nounwind readnone ssp uwtable
define i32 @main() local_unnamed_addr #0 {
  ret i32 0
}
*** IR Dump After Strip Unused Function Prototypes ***; ModuleID = 'foo.cpp'
source_filename = "foo.cpp"
target datalayout = "e-m:o-i64:64-f80:128-n8:16:32:64-S128"
target triple = "x86_64-apple-macosx10.13.0"

; Function Attrs: norecurse nounwind readnone ssp uwtable
define i32 @main() local_unnamed_addr #0 {
  ret i32 0
}

attributes #0 = { norecurse nounwind readnone ssp uwtable "correctly-rounded-divide-sqrt-fp-math"="false" "disable-tail-calls"="false" "less-precise-fpmad"="false" "no-frame-pointer-elim"="true" "no-frame-pointer-elim-non-leaf" "no-infs-fp-math"="false" "no-jump-tables"="false" "no-nans-fp-math"="false" "no-signed-zeros-fp-math"="false" "no-trapping-math"="false" "stack-protector-buffer-size"="8" "target-cpu"="penryn" "target-features"="+cx16,+fxsr,+mmx,+sse,+sse2,+sse3,+sse4.1,+ssse3,+x87" "unsafe-fp-math"="false" "use-soft-float"="false" }

!llvm.module.flags = !{!0, !1}
!llvm.ident = !{!2}

!0 = !{i32 1, !"wchar_size", i32 4}
!1 = !{i32 7, !"PIC Level", i32 2}
!2 = !{!"clang version 5.0.0 (tags/RELEASE_500/final)"}
*** IR Dump After Canonicalize natural loops ***
; Function Attrs: norecurse nounwind readnone ssp uwtable
define i32 @main() local_unnamed_addr #0 {
  ret i32 0
}
*** IR Dump After LCSSA Verifier ***
; Function Attrs: norecurse nounwind readnone ssp uwtable
define i32 @main() local_unnamed_addr #0 {
  ret i32 0
}
*** IR Dump After Loop-Closed SSA Form Pass ***
; Function Attrs: norecurse nounwind readnone ssp uwtable
define i32 @main() local_unnamed_addr #0 {
  ret i32 0
}
*** IR Dump After Remove redundant instructions ***
; Function Attrs: norecurse nounwind readnone ssp uwtable
define i32 @main() local_unnamed_addr #0 {
  ret i32 0
}
*** IR Dump After Simplify the CFG ***
; Function Attrs: norecurse nounwind readnone ssp uwtable
define i32 @main() local_unnamed_addr #0 {
  ret i32 0
}
