*** IR Dump After Force set function attributes ***; ModuleID = 'foo.cpp'
source_filename = "foo.cpp"
target datalayout = "e-m:o-i64:64-f80:128-n8:16:32:64-S128"
target triple = "x86_64-apple-macosx10.13.0"

; Function Attrs: noinline norecurse nounwind optnone ssp uwtable
define i32 @main() #0 {
  %1 = alloca <4 x i32>, align 16
  %2 = alloca <4 x i32>, align 16
  %3 = alloca <4 x i32>, align 16
  %4 = load <4 x i32>, <4 x i32>* %1, align 16
  %5 = load <4 x i32>, <4 x i32>* %2, align 16
  %6 = add <4 x i32> %4, %5
  store <4 x i32> %6, <4 x i32>* %3, align 16
  ret i32 0
}

attributes #0 = { noinline norecurse nounwind optnone ssp uwtable "correctly-rounded-divide-sqrt-fp-math"="false" "disable-tail-calls"="false" "less-precise-fpmad"="false" "no-frame-pointer-elim"="true" "no-frame-pointer-elim-non-leaf" "no-infs-fp-math"="false" "no-jump-tables"="false" "no-nans-fp-math"="false" "no-signed-zeros-fp-math"="false" "no-trapping-math"="false" "stack-protector-buffer-size"="8" "target-cpu"="penryn" "target-features"="+cx16,+fxsr,+mmx,+sse,+sse2,+sse3,+sse4.1,+ssse3,+x87" "unsafe-fp-math"="false" "use-soft-float"="false" }

!llvm.module.flags = !{!0, !1}
!llvm.ident = !{!2}

!0 = !{i32 1, !"wchar_size", i32 4}
!1 = !{i32 7, !"PIC Level", i32 2}
!2 = !{!"clang version 5.0.0 (tags/RELEASE_500/final)"}
*** IR Dump After Inliner for always_inline functions ***
; Function Attrs: noinline norecurse nounwind optnone ssp uwtable
define i32 @main() #0 {
  %1 = alloca <4 x i32>, align 16
  %2 = alloca <4 x i32>, align 16
  %3 = alloca <4 x i32>, align 16
  %4 = load <4 x i32>, <4 x i32>* %1, align 16
  %5 = load <4 x i32>, <4 x i32>* %2, align 16
  %6 = add <4 x i32> %4, %5
  store <4 x i32> %6, <4 x i32>* %3, align 16
  ret i32 0
}
*** IR Dump After Inliner for always_inline functions ***
Printing <null> Function
