%===----- BlkTypeMap -----===%
0x7f7126000000 Inter
0x7f7172000000 Inter
0x7f71be000000 Input
0x7f71be04b000 Input
0x7f71be063000 Input
0x7f71be06f000 Input
0x7f71be087000 Input
0x7f71be087200 Inter
0x7f71be0a0200 Inter
0x7f71be0d2200 Inter
%===----- BlkTypeMap -----===%
0x7f7126000000 Inter
0x7f7172000000 Inter
0x7f71be000000 Input
0x7f71be032000 Input
0x7f71be04b000 Input
0x7f71be063000 Input
0x7f71be06f000 Input
0x7f71be087000 Input
0x7f71be087200 Inter
0x7f71be0a0200 Inter
0x7f71be0d2200 Inter
0x7f71be104200 Inter
0x7f71be104400 Inter
0x7f71be11d400 Inter
0x7f71be136400 Inter
%===----- BlkTypeMap -----===%
0x7f708e000000 Inter
0x7f70da000000 Inter
0x7f7126000000 Inter
0x7f7172000000 Inter
0x7f71be000000 Input
0x7f71be032000 Input
0x7f71be04b000 Param
0x7f71be063000 Param
0x7f71be06f000 Param
0x7f71be087000 Param
0x7f71be087200 Inter
0x7f71be087400 Inter
0x7f71be0a0200 Inter
0x7f71be0d2200 Inter
0x7f71be104200 Inter
0x7f71be104400 Inter
0x7f71be11d400 Inter
0x7f71be136400 Inter
0x7f71be14f400 Inter
0x7f71be15b400 Inter
0x7f71be174400 End
0x7f71be1a6400 Inter
0x7f71be1be400 Inter
0x7f71be1d7400 Inter
0x7f71be1f0400 Inter
0x7f71be209400 Inter
%===----- BlkTypeMap -----===%
0x7f708e000000 Inter
0x7f70da000000 Inter
0x7f7126000000 Inter
0x7f7172000000 Inter
0x7f71be000000 Input
0x7f71be032000 Input
0x7f71be04b000 Param
0x7f71be063000 Param
0x7f71be06f000 Param
0x7f71be087000 Param
0x7f71be087200 Inter
0x7f71be087400 Inter
0x7f71be0a0200 Inter
0x7f71be0d2200 Inter
0x7f71be0eb200 Inter
0x7f71be104200 Inter
0x7f71be104400 Inter
0x7f71be11d400 Inter
0x7f71be136400 Inter
0x7f71be14f400 Inter
0x7f71be15b400 Inter
0x7f71be174400 End
0x7f71be181400 Inter
0x7f71be19a400 Inter
0x7f71be19a600 Inter
0x7f71be1a6400 Inter
0x7f71be1b2600 Inter
0x7f71be1be400 Inter
0x7f71be1cb600 Inter
0x7f71be1d7400 Inter
0x7f71be1d7600 End
0x7f71be1f0400 Inter
0x7f71be209400 Inter
0x7f71be209600 Inter
%===----- BlkTypeMap -----===%
0x7f708e000000 Inter
0x7f70da000000 Inter
0x7f7126000000 Inter
0x7f7172000000 Inter
0x7f71be000000 Input
0x7f71be032000 Input
0x7f71be04b000 Param
0x7f71be063000 Param
0x7f71be06f000 Param
0x7f71be087000 Param
0x7f71be087200 Inter
0x7f71be087400 Inter
0x7f71be0a0200 Inter
0x7f71be0d2200 Inter
0x7f71be0eb200 Inter
0x7f71be104200 Inter
0x7f71be104400 Inter
0x7f71be11d400 Inter
0x7f71be136400 Inter
0x7f71be14f400 Inter
0x7f71be15b400 Inter
0x7f71be174400 End
0x7f71be181400 Inter
0x7f71be19a400 Inter
0x7f71be19a600 Inter
0x7f71be1a6400 Inter
0x7f71be1b2600 Inter
0x7f71be1be400 Inter
0x7f71be1cb600 Inter
0x7f71be1d7400 Inter
0x7f71be1d7600 End
0x7f71be1f0400 Inter
0x7f71be209400 Inter
0x7f71be209600 Inter
%===----- BlkTypeMap -----===%
0x7f708e000000 Inter
0x7f70da000000 Inter
0x7f7126000000 Inter
0x7f7172000000 Inter
0x7f71be000000 Input
0x7f71be032000 Input
0x7f71be04b000 Param
0x7f71be063000 Param
0x7f71be06f000 Param
0x7f71be087000 Param
0x7f71be087200 Inter
0x7f71be087400 Inter
0x7f71be0a0200 Inter
0x7f71be0d2200 Inter
0x7f71be0eb200 Inter
0x7f71be104200 Inter
0x7f71be104400 Inter
0x7f71be11d400 Inter
0x7f71be136400 Inter
0x7f71be14f400 Inter
0x7f71be15b400 Inter
0x7f71be174400 End
0x7f71be181400 Inter
0x7f71be19a400 Inter
0x7f71be19a600 Inter
0x7f71be1a6400 Inter
0x7f71be1b2600 Inter
0x7f71be1be400 Inter
0x7f71be1cb600 Inter
0x7f71be1d7400 Inter
0x7f71be1d7600 End
0x7f71be1f0400 Inter
0x7f71be209400 Inter
0x7f71be209600 Inter
%===----- BlkTypeMap -----===%
0x7f708e000000 Inter
0x7f70da000000 Inter
0x7f7126000000 Inter
0x7f7172000000 Inter
0x7f71be000000 Input
0x7f71be032000 Input
0x7f71be04b000 Param
0x7f71be063000 Param
0x7f71be06f000 Param
0x7f71be087000 Param
0x7f71be087200 Inter
0x7f71be087400 Inter
0x7f71be0a0200 Inter
0x7f71be0d2200 Inter
0x7f71be0eb200 Inter
0x7f71be104200 Inter
0x7f71be104400 Inter
0x7f71be11d400 Inter
0x7f71be136400 Inter
0x7f71be14f400 Inter
0x7f71be15b400 Inter
0x7f71be174400 End
0x7f71be181400 Inter
0x7f71be19a400 Inter
0x7f71be19a600 Inter
0x7f71be1a6400 Inter
0x7f71be1b2600 Inter
0x7f71be1be400 Inter
0x7f71be1cb600 Inter
0x7f71be1d7400 Inter
0x7f71be1d7600 End
0x7f71be1f0400 Inter
0x7f71be209400 Inter
0x7f71be209600 Inter
